Build started 22.02.2012 18:13:12.
     1>Project "C:\Coding\CPP\http_proxy\httpxx\project\httpxx.vcxproj" on node 2 (build target(s)).
     1>InitializeBuildStatus:
         Creating "Release\httpxx.unsuccessfulbuild" because "AlwaysCreate" was specified.
       ClCompile:
         All outputs are up-to-date.
       Lib:
         c:\Program Files (x86)\Microsoft Visual Studio 10.0\VC\bin\Lib.exe /OUT:"C:\Coding\CPP\http_proxy\Release\httpxx.lib" "C:\Coding\CPP\http_proxy\Release\\http-parser.lib" /NOLOGO /LTCG Release\Error.obj
         Release\Flags.obj
         Release\icompare.obj
         Release\Message.obj
         Release\Method.obj
         Release\Request.obj
         Release\Response.obj
         Release\Url.obj
         httpxx.vcxproj -> C:\Coding\CPP\http_proxy\Release\httpxx.lib
       FinalizeBuildStatus:
         Deleting file "Release\httpxx.unsuccessfulbuild".
         Touching "Release\httpxx.lastbuildstate".
     1>Done Building Project "C:\Coding\CPP\http_proxy\httpxx\project\httpxx.vcxproj" (build target(s)).

Build succeeded.

Time Elapsed 00:00:00.17
