Build started 22.02.2012 18:13:57.
     1>Project "C:\Coding\CPP\http_proxy\httpxx\project\httpxx.vcxproj" on node 3 (build target(s)).
     1>InitializeBuildStatus:
         Creating "Debug\httpxx.unsuccessfulbuild" because "AlwaysCreate" was specified.
       ClCompile:
         All outputs are up-to-date.
       Lib:
         c:\Program Files (x86)\Microsoft Visual Studio 10.0\VC\bin\Lib.exe /OUT:"C:\Coding\CPP\http_proxy\Debug\httpxx.lib" "C:\Coding\CPP\http_proxy\Debug\\http-parser.lib" /NOLOGO Debug\Error.obj
         Debug\Flags.obj
         Debug\icompare.obj
         Debug\Message.obj
         Debug\Method.obj
         Debug\Request.obj
         Debug\Response.obj
         Debug\Url.obj
         httpxx.vcxproj -> C:\Coding\CPP\http_proxy\Debug\httpxx.lib
       FinalizeBuildStatus:
         Deleting file "Debug\httpxx.unsuccessfulbuild".
         Touching "Debug\httpxx.lastbuildstate".
     1>Done Building Project "C:\Coding\CPP\http_proxy\httpxx\project\httpxx.vcxproj" (build target(s)).

Build succeeded.

Time Elapsed 00:00:00.10
